#
# There is insufficient memory for the Java Runtime Environment to continue.
# Native memory allocation (malloc) failed to allocate 32744 bytes for ChunkPool::allocate
# Possible reasons:
#   The system is out of physical RAM or swap space
#   The process is running with CompressedOops enabled, and the Java Heap may be blocking the growth of the native heap
# Possible solutions:
#   Reduce memory load on the system
#   Increase physical memory or swap space
#   Check if swap backing store is full
#   Decrease Java heap size (-Xmx/-Xms)
#   Decrease number of Java threads
#   Decrease Java thread stack sizes (-Xss)
#   Set larger code cache with -XX:ReservedCodeCacheSize=
#   JVM is running with Unscaled Compressed Oops mode in which the Java heap is
#     placed in the first 4GB address space. The Java Heap base address is the
#     maximum limit for the native heap growth. Please use -XX:HeapBaseMinAddress
#     to set the Java Heap base and to place the Java Heap above 4GB virtual address.
# This output file may be truncated or incomplete.
#
#  Out of Memory Error (allocation.cpp:272), pid=35192, tid=0x00000000000094a8
#
# JRE version: Java(TM) SE Runtime Environment (8.0_281-b09) (build 1.8.0_281-b09)
# Java VM: Java HotSpot(TM) 64-Bit Server VM (25.281-b09 mixed mode windows-amd64 compressed oops)
# Failed to write core dump. 
#

---------------  T H R E A D  ---------------

Current thread (0x0000018da8f2c800):  JavaThread "C2 CompilerThread0" daemon [_thread_in_native, id=38056, stack(0x00000084c7b00000,0x00000084c7c00000)]

Stack: [0x00000084c7b00000,0x00000084c7c00000]
Native frames: (J=compiled Java code, j=interpreted, Vv=VM code, C=native code)
V  [jvm.dll+0x32e5b9]
V  [jvm.dll+0x275012]
V  [jvm.dll+0x275cbd]
V  [jvm.dll+0x293cc6]
V  [jvm.dll+0x2949c0]
V  [jvm.dll+0x59f39f]
C  [vcruntime140.dll+0xb8f0]
V  [jvm.dll+0x59ea8e]
C  [ntdll.dll+0xa47ff]
C  [ntdll.dll+0x4cef]
C  [ntdll.dll+0xa356e]
V  [jvm.dll+0x28fdaa]
V  [jvm.dll+0x28ee0e]
V  [jvm.dll+0x27594f]
V  [jvm.dll+0x26c6f5]
V  [jvm.dll+0xd569d]
V  [jvm.dll+0xd59fc]
V  [jvm.dll+0xd554d]
V  [jvm.dll+0x4c5d1f]
V  [jvm.dll+0x4e0a2a]
V  [jvm.dll+0x437632]
V  [jvm.dll+0x4403d5]
V  [jvm.dll+0x43f795]
V  [jvm.dll+0x42a5e7]
V  [jvm.dll+0xabe9b]
V  [jvm.dll+0xaa4fb]
V  [jvm.dll+0x23d6b2]
V  [jvm.dll+0x291cbc]
C  [ucrtbase.dll+0x2268a]
C  [KERNEL32.DLL+0x17974]
C  [ntdll.dll+0x5a2d1]


Current CompileTask:
C2:   3090 2586   !   4       org.codehaus.plexus.interpolation.StringSearchInterpolator::interpolate (650 bytes)


---------------  P R O C E S S  ---------------

Java Threads: ( => current thread )
  0x0000018da8f97800 JavaThread "Service Thread" daemon [_thread_blocked, id=21448, stack(0x00000084c7d00000,0x00000084c7e00000)]
  0x0000018da8f36800 JavaThread "C1 CompilerThread1" daemon [_thread_blocked, id=18056, stack(0x00000084c7c00000,0x00000084c7d00000)]
=>0x0000018da8f2c800 JavaThread "C2 CompilerThread0" daemon [_thread_in_native, id=38056, stack(0x00000084c7b00000,0x00000084c7c00000)]
  0x0000018da8f26800 JavaThread "Attach Listener" daemon [_thread_blocked, id=19808, stack(0x00000084c7a00000,0x00000084c7b00000)]
  0x0000018da8f24800 JavaThread "Signal Dispatcher" daemon [_thread_blocked, id=30560, stack(0x00000084c7900000,0x00000084c7a00000)]
  0x0000018d92c03000 JavaThread "Finalizer" daemon [_thread_blocked, id=35556, stack(0x00000084c7800000,0x00000084c7900000)]
  0x0000018d92bfc000 JavaThread "Reference Handler" daemon [_thread_blocked, id=31104, stack(0x00000084c7700000,0x00000084c7800000)]
  0x0000018d928d7000 JavaThread "main" [_thread_in_Java, id=38200, stack(0x00000084c7300000,0x00000084c7400000)]

Other Threads:
  0x0000018da8ee2000 VMThread [stack: 0x00000084c7600000,0x00000084c7700000] [id=34692]
  0x0000018da8fc3800 WatcherThread [stack: 0x00000084c7e00000,0x00000084c7f00000] [id=21740]

VM state:not at safepoint (normal execution)

VM Mutex/Monitor currently owned by a thread: None

heap address: 0x0000000080000000, size: 2048 MB, Compressed Oops mode: 32-bit
Narrow klass base: 0x0000000000000000, Narrow klass shift: 3
Compressed class space size: 1073741824 Address: 0x0000000100000000

Heap:
 PSYoungGen      total 71680K, used 19703K [0x00000000d5580000, 0x00000000da080000, 0x0000000100000000)
  eden space 66560K, 21% used [0x00000000d5580000,0x00000000d63bdd18,0x00000000d9680000)
  from space 5120K, 100% used [0x00000000d9680000,0x00000000d9b80000,0x00000000d9b80000)
  to   space 5120K, 0% used [0x00000000d9b80000,0x00000000d9b80000,0x00000000da080000)
 ParOldGen       total 87552K, used 10121K [0x0000000080000000, 0x0000000085580000, 0x00000000d5580000)
  object space 87552K, 11% used [0x0000000080000000,0x00000000809e26f0,0x0000000085580000)
 Metaspace       used 16030K, capacity 16260K, committed 16512K, reserved 1064960K
  class space    used 1834K, capacity 1918K, committed 1920K, reserved 1048576K

Card table byte_map: [0x0000018da3780000,0x0000018da3b90000] byte_map_base: 0x0000018da3380000

Marking Bits: (ParMarkBitMap*) 0x0000000052b36ff0
 Begin Bits: [0x0000018da3e40000, 0x0000018da5e40000)
 End Bits:   [0x0000018da5e40000, 0x0000018da7e40000)

Polling page: 0x0000018d92ab0000

CodeCache: size=245760Kb used=9904Kb max_used=9904Kb free=235855Kb
 bounds [0x0000018d943c0000, 0x0000018d94d80000, 0x0000018da33c0000]
 total_blobs=3239 nmethods=2891 adapters=261
 compilation: enabled

Compilation events (10 events):
Event: 3.025 Thread 0x0000018da8f36800 2885       2       org.apache.maven.model.Model::setUrl (6 bytes)
Event: 3.025 Thread 0x0000018da8f36800 nmethod 2885 0x0000018d94d65710 code [0x0000018d94d65860, 0x0000018d94d659d8]
Event: 3.028 Thread 0x0000018da8f36800 2886       2       org.apache.maven.model.merge.ModelMerger::mergeReportPlugin_GroupId (41 bytes)
Event: 3.028 Thread 0x0000018da8f36800 nmethod 2886 0x0000018d94d65a50 code [0x0000018d94d65bc0, 0x0000018d94d65dc0]
Event: 3.028 Thread 0x0000018da8f36800 2887       2       org.apache.maven.model.merge.ModelMerger::mergeReportPlugin_ArtifactId (41 bytes)
Event: 3.028 Thread 0x0000018da8f36800 nmethod 2887 0x0000018d94d65f50 code [0x0000018d94d660c0, 0x0000018d94d662c0]
Event: 3.028 Thread 0x0000018da8f36800 2888       2       org.apache.maven.model.merge.ModelMerger::mergeReportPlugin_Version (41 bytes)
Event: 3.029 Thread 0x0000018da8f36800 nmethod 2888 0x0000018d94d66450 code [0x0000018d94d665c0, 0x0000018d94d667c0]
Event: 3.041 Thread 0x0000018da8f36800 2889       2       org.apache.maven.model.io.xpp3.MavenXpp3Reader::parseBuild (829 bytes)
Event: 3.045 Thread 0x0000018da8f36800 nmethod 2889 0x0000018d94d66950 code [0x0000018d94d66fe0, 0x0000018d94d69440]

GC Heap History (10 events):
Event: 0.732 GC heap before
{Heap before GC invocations=1 (full 0):
 PSYoungGen      total 38400K, used 33280K [0x00000000d5580000, 0x00000000d8000000, 0x0000000100000000)
  eden space 33280K, 100% used [0x00000000d5580000,0x00000000d7600000,0x00000000d7600000)
  from space 5120K, 0% used [0x00000000d7b00000,0x00000000d7b00000,0x00000000d8000000)
  to   space 5120K, 0% used [0x00000000d7600000,0x00000000d7600000,0x00000000d7b00000)
 ParOldGen       total 87552K, used 0K [0x0000000080000000, 0x0000000085580000, 0x00000000d5580000)
  object space 87552K, 0% used [0x0000000080000000,0x0000000080000000,0x0000000085580000)
 Metaspace       used 8245K, capacity 8380K, committed 8576K, reserved 1056768K
  class space    used 991K, capacity 1048K, committed 1152K, reserved 1048576K
Event: 0.740 GC heap after
Heap after GC invocations=1 (full 0):
 PSYoungGen      total 38400K, used 5105K [0x00000000d5580000, 0x00000000d8000000, 0x0000000100000000)
  eden space 33280K, 0% used [0x00000000d5580000,0x00000000d5580000,0x00000000d7600000)
  from space 5120K, 99% used [0x00000000d7600000,0x00000000d7afc728,0x00000000d7b00000)
  to   space 5120K, 0% used [0x00000000d7b00000,0x00000000d7b00000,0x00000000d8000000)
 ParOldGen       total 87552K, used 177K [0x0000000080000000, 0x0000000085580000, 0x00000000d5580000)
  object space 87552K, 0% used [0x0000000080000000,0x000000008002c460,0x0000000085580000)
 Metaspace       used 8245K, capacity 8380K, committed 8576K, reserved 1056768K
  class space    used 991K, capacity 1048K, committed 1152K, reserved 1048576K
}
Event: 1.139 GC heap before
{Heap before GC invocations=2 (full 0):
 PSYoungGen      total 38400K, used 38385K [0x00000000d5580000, 0x00000000d8000000, 0x0000000100000000)
  eden space 33280K, 100% used [0x00000000d5580000,0x00000000d7600000,0x00000000d7600000)
  from space 5120K, 99% used [0x00000000d7600000,0x00000000d7afc728,0x00000000d7b00000)
  to   space 5120K, 0% used [0x00000000d7b00000,0x00000000d7b00000,0x00000000d8000000)
 ParOldGen       total 87552K, used 177K [0x0000000080000000, 0x0000000085580000, 0x00000000d5580000)
  object space 87552K, 0% used [0x0000000080000000,0x000000008002c460,0x0000000085580000)
 Metaspace       used 11386K, capacity 11534K, committed 11776K, reserved 1058816K
  class space    used 1404K, capacity 1477K, committed 1536K, reserved 1048576K
Event: 1.146 GC heap after
Heap after GC invocations=2 (full 0):
 PSYoungGen      total 38400K, used 5106K [0x00000000d5580000, 0x00000000da080000, 0x0000000100000000)
  eden space 33280K, 0% used [0x00000000d5580000,0x00000000d5580000,0x00000000d7600000)
  from space 5120K, 99% used [0x00000000d7b00000,0x00000000d7ffc958,0x00000000d8000000)
  to   space 5120K, 0% used [0x00000000d7600000,0x00000000d7600000,0x00000000d7b00000)
 ParOldGen       total 87552K, used 1744K [0x0000000080000000, 0x0000000085580000, 0x00000000d5580000)
  object space 87552K, 1% used [0x0000000080000000,0x00000000801b4068,0x0000000085580000)
 Metaspace       used 11386K, capacity 11534K, committed 11776K, reserved 1058816K
  class space    used 1404K, capacity 1477K, committed 1536K, reserved 1048576K
}
Event: 1.873 GC heap before
{Heap before GC invocations=3 (full 0):
 PSYoungGen      total 38400K, used 38386K [0x00000000d5580000, 0x00000000da080000, 0x0000000100000000)
  eden space 33280K, 100% used [0x00000000d5580000,0x00000000d7600000,0x00000000d7600000)
  from space 5120K, 99% used [0x00000000d7b00000,0x00000000d7ffc958,0x00000000d8000000)
  to   space 5120K, 0% used [0x00000000d7600000,0x00000000d7600000,0x00000000d7b00000)
 ParOldGen       total 87552K, used 1744K [0x0000000080000000, 0x0000000085580000, 0x00000000d5580000)
  object space 87552K, 1% used [0x0000000080000000,0x00000000801b4068,0x0000000085580000)
 Metaspace       used 15125K, capacity 15298K, committed 15488K, reserved 1062912K
  class space    used 1825K, capacity 1907K, committed 1920K, reserved 1048576K
Event: 1.884 GC heap after
Heap after GC invocations=3 (full 0):
 PSYoungGen      total 38400K, used 5120K [0x00000000d5580000, 0x00000000da080000, 0x0000000100000000)
  eden space 33280K, 0% used [0x00000000d5580000,0x00000000d5580000,0x00000000d7600000)
  from space 5120K, 100% used [0x00000000d7600000,0x00000000d7b00000,0x00000000d7b00000)
  to   space 5120K, 0% used [0x00000000d9b80000,0x00000000d9b80000,0x00000000da080000)
 ParOldGen       total 87552K, used 4474K [0x0000000080000000, 0x0000000085580000, 0x00000000d5580000)
  object space 87552K, 5% used [0x0000000080000000,0x000000008045e920,0x0000000085580000)
 Metaspace       used 15125K, capacity 15298K, committed 15488K, reserved 1062912K
  class space    used 1825K, capacity 1907K, committed 1920K, reserved 1048576K
}
Event: 2.352 GC heap before
{Heap before GC invocations=4 (full 0):
 PSYoungGen      total 38400K, used 38400K [0x00000000d5580000, 0x00000000da080000, 0x0000000100000000)
  eden space 33280K, 100% used [0x00000000d5580000,0x00000000d7600000,0x00000000d7600000)
  from space 5120K, 100% used [0x00000000d7600000,0x00000000d7b00000,0x00000000d7b00000)
  to   space 5120K, 0% used [0x00000000d9b80000,0x00000000d9b80000,0x00000000da080000)
 ParOldGen       total 87552K, used 4474K [0x0000000080000000, 0x0000000085580000, 0x00000000d5580000)
  object space 87552K, 5% used [0x0000000080000000,0x000000008045e920,0x0000000085580000)
 Metaspace       used 15521K, capacity 15724K, committed 16000K, reserved 1062912K
  class space    used 1830K, capacity 1914K, committed 1920K, reserved 1048576K
Event: 2.363 GC heap after
Heap after GC invocations=4 (full 0):
 PSYoungGen      total 71680K, used 5104K [0x00000000d5580000, 0x00000000da080000, 0x0000000100000000)
  eden space 66560K, 0% used [0x00000000d5580000,0x00000000d5580000,0x00000000d9680000)
  from space 5120K, 99% used [0x00000000d9b80000,0x00000000da07c010,0x00000000da080000)
  to   space 5120K, 0% used [0x00000000d9680000,0x00000000d9680000,0x00000000d9b80000)
 ParOldGen       total 87552K, used 6126K [0x0000000080000000, 0x0000000085580000, 0x00000000d5580000)
  object space 87552K, 6% used [0x0000000080000000,0x00000000805fb930,0x0000000085580000)
 Metaspace       used 15521K, capacity 15724K, committed 16000K, reserved 1062912K
  class space    used 1830K, capacity 1914K, committed 1920K, reserved 1048576K
}
Event: 2.960 GC heap before
{Heap before GC invocations=5 (full 0):
 PSYoungGen      total 71680K, used 71664K [0x00000000d5580000, 0x00000000da080000, 0x0000000100000000)
  eden space 66560K, 100% used [0x00000000d5580000,0x00000000d9680000,0x00000000d9680000)
  from space 5120K, 99% used [0x00000000d9b80000,0x00000000da07c010,0x00000000da080000)
  to   space 5120K, 0% used [0x00000000d9680000,0x00000000d9680000,0x00000000d9b80000)
 ParOldGen       total 87552K, used 6126K [0x0000000080000000, 0x0000000085580000, 0x00000000d5580000)
  object space 87552K, 6% used [0x0000000080000000,0x00000000805fb930,0x0000000085580000)
 Metaspace       used 15988K, capacity 16196K, committed 16256K, reserved 1062912K
  class space    used 1834K, capacity 1918K, committed 1920K, reserved 1048576K
Event: 2.994 GC heap after
Heap after GC invocations=5 (full 0):
 PSYoungGen      total 71680K, used 5120K [0x00000000d5580000, 0x00000000da080000, 0x0000000100000000)
  eden space 66560K, 0% used [0x00000000d5580000,0x00000000d5580000,0x00000000d9680000)
  from space 5120K, 100% used [0x00000000d9680000,0x00000000d9b80000,0x00000000d9b80000)
  to   space 5120K, 0% used [0x00000000d9b80000,0x00000000d9b80000,0x00000000da080000)
 ParOldGen       total 87552K, used 10121K [0x0000000080000000, 0x0000000085580000, 0x00000000d5580000)
  object space 87552K, 11% used [0x0000000080000000,0x00000000809e26f0,0x0000000085580000)
 Metaspace       used 15988K, capacity 16196K, committed 16256K, reserved 1062912K
  class space    used 1834K, capacity 1918K, committed 1920K, reserved 1048576K
}

Deoptimization events (10 events):
Event: 1.614 Thread 0x0000018d928d7000 Uncommon trap: reason=unstable_if action=reinterpret pc=0x0000018d947eacd0 method=java.lang.String.substring(I)Ljava/lang/String; @ 35
Event: 1.692 Thread 0x0000018d928d7000 Uncommon trap: reason=unstable_if action=reinterpret pc=0x0000018d946b0694 method=sun.nio.cs.UTF_8$Decoder.decodeArrayLoop(Ljava/nio/ByteBuffer;Ljava/nio/CharBuffer;)Ljava/nio/charset/CoderResult; @ 84
Event: 1.807 Thread 0x0000018d928d7000 Uncommon trap: reason=unstable_if action=reinterpret pc=0x0000018d949ce308 method=java.lang.String.trim()Ljava/lang/String; @ 63
Event: 1.845 Thread 0x0000018d928d7000 Uncommon trap: reason=null_check action=make_not_entrant pc=0x0000018d949ebd88 method=org.apache.maven.model.io.xpp3.MavenXpp3Reader.checkFieldWithDuplicate(Lorg/codehaus/plexus/util/xml/pull/XmlPullParser;Ljava/lang/String;Ljava/lang/String;Ljava/util/Se
Event: 1.848 Thread 0x0000018d928d7000 Uncommon trap: reason=unstable_if action=reinterpret pc=0x0000018d94988664 method=org.codehaus.plexus.util.xml.pull.MXParser.nextImpl()I @ 280
Event: 1.958 Thread 0x0000018d928d7000 Uncommon trap: reason=unstable_if action=reinterpret pc=0x0000018d946f1398 method=java.lang.String.regionMatches(ZILjava/lang/String;II)Z @ 25
Event: 1.971 Thread 0x0000018d928d7000 Uncommon trap: reason=unstable_if action=reinterpret pc=0x0000018d94a71dcc method=org.codehaus.plexus.util.xml.pull.MXParser.nextImpl()I @ 310
Event: 2.029 Thread 0x0000018d928d7000 Uncommon trap: reason=predicate action=maybe_recompile pc=0x0000018d946bacd0 method=java.nio.charset.CharsetDecoder.decode(Ljava/nio/ByteBuffer;Ljava/nio/CharBuffer;Z)Ljava/nio/charset/CoderResult; @ 54
Event: 2.077 Thread 0x0000018d928d7000 Uncommon trap: reason=unstable_if action=reinterpret pc=0x0000018d94a6d93c method=org.apache.maven.model.io.xpp3.MavenXpp3Reader.nextTag(Lorg/codehaus/plexus/util/xml/pull/XmlPullParser;)I @ 9
Event: 2.428 Thread 0x0000018d928d7000 Uncommon trap: reason=unstable_if action=reinterpret pc=0x0000018d94bf03a4 method=org.codehaus.plexus.util.xml.pull.MXParser.parseAttribute()C @ 995

Classes redefined (0 events):
No events

Internal exceptions (10 events):
Event: 1.355 Thread 0x0000018d928d7000 Exception <a 'java/lang/NoClassDefFoundError': com/google/inject/servlet/ServletModuleTargetVisitor> (0x00000000d604a768) thrown at [C:\jenkins\workspace\8-2-build-windows-amd64-cygwin\jdk8u281\880\hotspot\src\share\vm\classfile\systemDictionary.cpp, line
Event: 1.355 Thread 0x0000018d928d7000 Exception <a 'java/lang/NoClassDefFoundError'> (0x00000000d604a768) thrown at [C:\jenkins\workspace\8-2-build-windows-amd64-cygwin\jdk8u281\880\hotspot\src\share\vm\prims\jvm.cpp, line 1516]
Event: 1.355 Thread 0x0000018d928d7000 Exception <a 'java/lang/NoClassDefFoundError': javax/annotation/Priority> (0x00000000d604f778) thrown at [C:\jenkins\workspace\8-2-build-windows-amd64-cygwin\jdk8u281\880\hotspot\src\share\vm\classfile\systemDictionary.cpp, line 201]
Event: 1.553 Thread 0x0000018d928d7000 Exception <a 'java/lang/NullPointerException'> (0x00000000d664b0e8) thrown at [C:\jenkins\workspace\8-2-build-windows-amd64-cygwin\jdk8u281\880\hotspot\src\share\vm\interpreter\linkResolver.cpp, line 1185]
Event: 1.553 Thread 0x0000018d928d7000 Exception <a 'java/lang/NullPointerException'> (0x00000000d664b2f0) thrown at [C:\jenkins\workspace\8-2-build-windows-amd64-cygwin\jdk8u281\880\hotspot\src\share\vm\interpreter\linkResolver.cpp, line 1185]
Event: 1.553 Thread 0x0000018d928d7000 Exception <a 'java/lang/NullPointerException'> (0x00000000d664b4f8) thrown at [C:\jenkins\workspace\8-2-build-windows-amd64-cygwin\jdk8u281\880\hotspot\src\share\vm\interpreter\linkResolver.cpp, line 1185]
Event: 1.553 Thread 0x0000018d928d7000 Exception <a 'java/lang/NullPointerException'> (0x00000000d66539a8) thrown at [C:\jenkins\workspace\8-2-build-windows-amd64-cygwin\jdk8u281\880\hotspot\src\share\vm\interpreter\linkResolver.cpp, line 1185]
Event: 1.553 Thread 0x0000018d928d7000 Exception <a 'java/lang/NullPointerException'> (0x00000000d6653bb0) thrown at [C:\jenkins\workspace\8-2-build-windows-amd64-cygwin\jdk8u281\880\hotspot\src\share\vm\interpreter\linkResolver.cpp, line 1185]
Event: 1.553 Thread 0x0000018d928d7000 Exception <a 'java/lang/NullPointerException'> (0x00000000d6653db8) thrown at [C:\jenkins\workspace\8-2-build-windows-amd64-cygwin\jdk8u281\880\hotspot\src\share\vm\interpreter\linkResolver.cpp, line 1185]
Event: 1.845 Thread 0x0000018d928d7000 Implicit null exception at 0x0000018d949eaa98 to 0x0000018d949ebd71

Events (10 events):
Event: 2.806 loading class java/util/Collections$UnmodifiableList$1
Event: 2.806 loading class java/util/Collections$UnmodifiableList$1 done
Event: 2.873 loading class org/eclipse/aether/graph/Dependency$Exclusions$1
Event: 2.873 loading class org/eclipse/aether/graph/Dependency$Exclusions$1 done
Event: 2.874 loading class org/eclipse/aether/util/graph/selector/ExclusionDependencySelector$ExclusionComparator
Event: 2.874 loading class org/eclipse/aether/util/graph/selector/ExclusionDependencySelector$ExclusionComparator done
Event: 2.879 Thread 0x0000018d928d7000 DEOPT PACKING pc=0x0000018d9450070c sp=0x00000084c73fcd20
Event: 2.879 Thread 0x0000018d928d7000 DEOPT UNPACKING pc=0x0000018d944075d8 sp=0x00000084c73fcb98 mode 0
Event: 2.960 Executing VM operation: ParallelGCFailedAllocation
Event: 2.994 Executing VM operation: ParallelGCFailedAllocation done


Dynamic libraries:
0x00007ff7d6970000 - 0x00007ff7d69b7000 	C:\Program Files\Java\jdk1.8.0_281\bin\java.exe
0x00007ffa541c0000 - 0x00007ffa543ac000 	C:\Windows\SYSTEM32\ntdll.dll
0x00007ffa51760000 - 0x00007ffa51813000 	C:\Windows\System32\KERNEL32.DLL
0x00007ffa50be0000 - 0x00007ffa50e74000 	C:\Windows\System32\KERNELBASE.dll
0x00007ffa51e40000 - 0x00007ffa51ee3000 	C:\Windows\System32\ADVAPI32.dll
0x00007ffa53da0000 - 0x00007ffa53e3e000 	C:\Windows\System32\msvcrt.dll
0x00007ffa52600000 - 0x00007ffa5269f000 	C:\Windows\System32\sechost.dll
0x00007ffa53c80000 - 0x00007ffa53da0000 	C:\Windows\System32\RPCRT4.dll
0x00007ffa51820000 - 0x00007ffa519b7000 	C:\Windows\System32\USER32.dll
0x00007ffa50ab0000 - 0x00007ffa50ad0000 	C:\Windows\System32\win32u.dll
0x00007ffa54160000 - 0x00007ffa54189000 	C:\Windows\System32\GDI32.dll
0x00007ffa50fe0000 - 0x00007ffa5117c000 	C:\Windows\System32\gdi32full.dll
0x00007ffa50af0000 - 0x00007ffa50b90000 	C:\Windows\System32\msvcp_win.dll
0x00007ffa50ee0000 - 0x00007ffa50fda000 	C:\Windows\System32\ucrtbase.dll
0x00007ffa436c0000 - 0x00007ffa43939000 	C:\Windows\WinSxS\amd64_microsoft.windows.common-controls_6595b64144ccf1df_6.0.17763.1817_none_de6e422c534e0cb9\COMCTL32.dll
0x00007ffa52020000 - 0x00007ffa5234e000 	C:\Windows\System32\combase.dll
0x00007ffa51180000 - 0x00007ffa511ff000 	C:\Windows\System32\bcryptPrimitives.dll
0x00007ffa51720000 - 0x00007ffa5174e000 	C:\Windows\System32\IMM32.DLL
0x00007ffa40f80000 - 0x00007ffa40f95000 	C:\Program Files\Java\jdk1.8.0_281\jre\bin\vcruntime140.dll
0x00007ffa3fbd0000 - 0x00007ffa3fc6b000 	C:\Program Files\Java\jdk1.8.0_281\jre\bin\msvcp140.dll
0x0000000052350000 - 0x0000000052baf000 	C:\Program Files\Java\jdk1.8.0_281\jre\bin\server\jvm.dll
0x00007ffa51750000 - 0x00007ffa51758000 	C:\Windows\System32\PSAPI.DLL
0x00007ffa45180000 - 0x00007ffa45189000 	C:\Windows\SYSTEM32\WSOCK32.dll
0x00007ffa53e40000 - 0x00007ffa53ead000 	C:\Windows\System32\WS2_32.dll
0x00007ffa4e420000 - 0x00007ffa4e444000 	C:\Windows\SYSTEM32\WINMM.dll
0x00007ffa46c00000 - 0x00007ffa46c0a000 	C:\Windows\SYSTEM32\VERSION.dll
0x00007ffa4e3f0000 - 0x00007ffa4e41d000 	C:\Windows\SYSTEM32\WINMMBASE.dll
0x00007ffa50b90000 - 0x00007ffa50bda000 	C:\Windows\System32\cfgmgr32.dll
0x00007ffa501b0000 - 0x00007ffa501c1000 	C:\Windows\System32\kernel.appcore.dll
0x00007ffa40f70000 - 0x00007ffa40f80000 	C:\Program Files\Java\jdk1.8.0_281\jre\bin\verify.dll
0x00007ffa40f40000 - 0x00007ffa40f6b000 	C:\Program Files\Java\jdk1.8.0_281\jre\bin\java.dll
0x00007ffa40f20000 - 0x00007ffa40f38000 	C:\Program Files\Java\jdk1.8.0_281\jre\bin\zip.dll
0x00007ffa52720000 - 0x00007ffa53c19000 	C:\Windows\System32\SHELL32.dll
0x00007ffa51610000 - 0x00007ffa516b8000 	C:\Windows\System32\shcore.dll
0x00007ffa50280000 - 0x00007ffa509cb000 	C:\Windows\System32\windows.storage.dll
0x00007ffa501d0000 - 0x00007ffa501f4000 	C:\Windows\System32\profapi.dll
0x00007ffa50220000 - 0x00007ffa5027d000 	C:\Windows\System32\powrprof.dll
0x00007ffa53f90000 - 0x00007ffa53fe2000 	C:\Windows\System32\shlwapi.dll
0x00007ffa50ad0000 - 0x00007ffa50ae7000 	C:\Windows\System32\cryptsp.dll
0x00007ffa40f10000 - 0x00007ffa40f1a000 	C:\Maven\apache-maven-3.8.1-bin\apache-maven-3.8.1\lib\jansi-native\windows64\jansi.dll
0x00007ffa3f6f0000 - 0x00007ffa3f8dd000 	C:\Windows\SYSTEM32\dbghelp.dll

VM Arguments:
jvm_args: -Dclassworlds.conf=C:\Maven\apache-maven-3.8.1-bin\apache-maven-3.8.1\bin\..\bin\m2.conf -Dmaven.home=C:\Maven\apache-maven-3.8.1-bin\apache-maven-3.8.1\bin\.. -Dlibrary.jansi.path=C:\Maven\apache-maven-3.8.1-bin\apache-maven-3.8.1\bin\..\lib\jansi-native -Dmaven.multiModuleProjectDirectory=C:\Users\Administrator\eclipse-workspace\TFGHobbs 
java_command: org.codehaus.plexus.classworlds.launcher.Launcher clean test -DchromeStatus=true -DandroidStatus=true -Dsje_id=780 -DEnvironment=LIVE
java_class_path (initial): C:\Maven\apache-maven-3.8.1-bin\apache-maven-3.8.1\bin\..\boot\plexus-classworlds-2.6.0.jar
Launcher Type: SUN_STANDARD

Environment Variables:
JAVA_HOME=C:\Program Files\Java\jdk1.8.0_281
PATH=C:\Users\91735\Desktop\myapp\ // This is my path, you can edit them;C:\Users\91735\Desktop\myapp\ // This is my path, you can edit them\node_modules\.bin;C:\Program Files (x86)\Common Files\Oracle\Java\javapath;C:\Windows\system32;C:\Windows;C:\Windows\System32\Wbem;C:\Windows\System32\WindowsPowerShell\v1.0\;C:\Windows\System32\OpenSSH\;C:\Program Files\Amazon\cfn-bootstrap\;C:\Program Files\dotnet\;C:\Program Files\Docker;C:\Program Files\Git\cmd;C:\Program Files\nodejs\;C:\Users\Administrator\scoop\shims;C:\Users\Administrator\AppData\Local\Microsoft\WindowsApps;C:\Users\Administrator\.dotnet\tools;C:\Program Files\Java\jdk1.8.0_281\bin;C:\Users\Administrator\Ubuntu;C:\Maven\apache-maven-3.8.1-bin\apache-maven-3.8.1\bin;C:\Users\Administrator\AppData\Roaming\npm
USERNAME=Administrator
OS=Windows_NT
PROCESSOR_IDENTIFIER=Intel64 Family 6 Model 79 Stepping 1, GenuineIntel



---------------  S Y S T E M  ---------------

OS: Windows 10.0 , 64 bit Build 17763 (10.0.17763.475)

CPU:total 2 (initial active 2) (2 cores per cpu, 1 threads per core) family 6 model 79 stepping 1, cmov, cx8, fxsr, mmx, sse, sse2, sse3, ssse3, sse4.1, sse4.2, popcnt, avx, avx2, aes, clmul, erms, lzcnt, tsc, bmi1, bmi2

Memory: 4k page, physical 8388208k(329892k free), swap 15796616k(3196k free)

vm_info: Java HotSpot(TM) 64-Bit Server VM (25.281-b09) for windows-amd64 JRE (1.8.0_281-b09), built on Dec  9 2020 13:54:07 by "" with MS VC++ 15.9 (VS2017)

time: Wed May 25 04:09:26 2022
timezone: Coordinated Universal Time
elapsed time: 3.095143 seconds (0d 0h 0m 3s)

